{"/Users/nils/Documents/_Verschiedenes/SAE/Major Project/Projekt/Decupla/database.js": {"path":"/Users/nils/Documents/_Verschiedenes/SAE/Major Project/Projekt/Decupla/database.js","statementMap":{"0":{"start":{"line":1,"column":11},"end":{"line":1,"column":24}},"1":{"start":{"line":2,"column":15},"end":{"line":2,"column":33}},"2":{"start":{"line":4,"column":24},"end":{"line":22,"column":1}},"3":{"start":{"line":5,"column":4},"end":{"line":21,"column":5}},"4":{"start":{"line":6,"column":8},"end":{"line":11,"column":11}},"5":{"start":{"line":7,"column":12},"end":{"line":10,"column":13}},"6":{"start":{"line":8,"column":16},"end":{"line":8,"column":35}},"7":{"start":{"line":9,"column":16},"end":{"line":9,"column":32}},"8":{"start":{"line":13,"column":19},"end":{"line":19,"column":10}},"9":{"start":{"line":14,"column":12},"end":{"line":17,"column":13}},"10":{"start":{"line":15,"column":16},"end":{"line":15,"column":35}},"11":{"start":{"line":16,"column":16},"end":{"line":16,"column":32}},"12":{"start":{"line":18,"column":12},"end":{"line":18,"column":29}},"13":{"start":{"line":20,"column":8},"end":{"line":20,"column":18}},"14":{"start":{"line":24,"column":21},"end":{"line":40,"column":1}},"15":{"start":{"line":25,"column":4},"end":{"line":39,"column":7}},"16":{"start":{"line":42,"column":19},"end":{"line":42,"column":36}},"17":{"start":{"line":44,"column":20},"end":{"line":74,"column":1}},"18":{"start":{"line":46,"column":8},"end":{"line":55,"column":11}},"19":{"start":{"line":47,"column":12},"end":{"line":54,"column":15}},"20":{"start":{"line":48,"column":16},"end":{"line":53,"column":17}},"21":{"start":{"line":49,"column":20},"end":{"line":49,"column":51}},"22":{"start":{"line":50,"column":20},"end":{"line":50,"column":34}},"23":{"start":{"line":52,"column":20},"end":{"line":52,"column":34}},"24":{"start":{"line":59,"column":24},"end":{"line":59,"column":41}},"25":{"start":{"line":60,"column":23},"end":{"line":60,"column":42}},"26":{"start":{"line":62,"column":29},"end":{"line":62,"column":62}},"27":{"start":{"line":62,"column":47},"end":{"line":62,"column":50}},"28":{"start":{"line":63,"column":22},"end":{"line":63,"column":93}},"29":{"start":{"line":65,"column":8},"end":{"line":71,"column":10}},"30":{"start":{"line":66,"column":12},"end":{"line":69,"column":13}},"31":{"start":{"line":67,"column":16},"end":{"line":67,"column":47}},"32":{"start":{"line":68,"column":16},"end":{"line":68,"column":29}},"33":{"start":{"line":70,"column":12},"end":{"line":70,"column":23}},"34":{"start":{"line":76,"column":0},"end":{"line":76,"column":29}}},"fnMap":{"0":{"name":"(anonymous_0)","decl":{"start":{"line":4,"column":24},"end":{"line":4,"column":25}},"loc":{"start":{"line":4,"column":30},"end":{"line":22,"column":1}},"line":4},"1":{"name":"(anonymous_1)","decl":{"start":{"line":6,"column":79},"end":{"line":6,"column":80}},"loc":{"start":{"line":6,"column":90},"end":{"line":11,"column":9}},"line":6},"2":{"name":"(anonymous_2)","decl":{"start":{"line":13,"column":60},"end":{"line":13,"column":61}},"loc":{"start":{"line":13,"column":71},"end":{"line":19,"column":9}},"line":13},"3":{"name":"(anonymous_3)","decl":{"start":{"line":24,"column":21},"end":{"line":24,"column":22}},"loc":{"start":{"line":24,"column":35},"end":{"line":40,"column":1}},"line":24},"4":{"name":"(anonymous_4)","decl":{"start":{"line":45,"column":4},"end":{"line":45,"column":5}},"loc":{"start":{"line":45,"column":22},"end":{"line":56,"column":5}},"line":45},"5":{"name":"(anonymous_5)","decl":{"start":{"line":46,"column":27},"end":{"line":46,"column":28}},"loc":{"start":{"line":46,"column":48},"end":{"line":55,"column":9}},"line":46},"6":{"name":"(anonymous_6)","decl":{"start":{"line":47,"column":53},"end":{"line":47,"column":54}},"loc":{"start":{"line":47,"column":70},"end":{"line":54,"column":13}},"line":47},"7":{"name":"(anonymous_7)","decl":{"start":{"line":58,"column":4},"end":{"line":58,"column":5}},"loc":{"start":{"line":58,"column":24},"end":{"line":72,"column":5}},"line":58},"8":{"name":"(anonymous_8)","decl":{"start":{"line":62,"column":41},"end":{"line":62,"column":42}},"loc":{"start":{"line":62,"column":47},"end":{"line":62,"column":50}},"line":62},"9":{"name":"(anonymous_9)","decl":{"start":{"line":65,"column":37},"end":{"line":65,"column":38}},"loc":{"start":{"line":65,"column":48},"end":{"line":71,"column":9}},"line":65}},"branchMap":{"0":{"loc":{"start":{"line":5,"column":4},"end":{"line":21,"column":5}},"type":"if","locations":[{"start":{"line":5,"column":4},"end":{"line":21,"column":5}},{"start":{"line":12,"column":11},"end":{"line":21,"column":5}}],"line":5},"1":{"loc":{"start":{"line":7,"column":12},"end":{"line":10,"column":13}},"type":"if","locations":[{"start":{"line":7,"column":12},"end":{"line":10,"column":13}},{"start":{},"end":{}}],"line":7},"2":{"loc":{"start":{"line":14,"column":12},"end":{"line":17,"column":13}},"type":"if","locations":[{"start":{"line":14,"column":12},"end":{"line":17,"column":13}},{"start":{},"end":{}}],"line":14},"3":{"loc":{"start":{"line":48,"column":16},"end":{"line":53,"column":17}},"type":"if","locations":[{"start":{"line":48,"column":16},"end":{"line":53,"column":17}},{"start":{"line":51,"column":23},"end":{"line":53,"column":17}}],"line":48},"4":{"loc":{"start":{"line":66,"column":12},"end":{"line":69,"column":13}},"type":"if","locations":[{"start":{"line":66,"column":12},"end":{"line":69,"column":13}},{"start":{},"end":{}}],"line":66}},"s":{"0":1,"1":1,"2":1,"3":1,"4":1,"5":0,"6":0,"7":0,"8":0,"9":0,"10":0,"11":0,"12":0,"13":0,"14":1,"15":0,"16":1,"17":1,"18":0,"19":0,"20":0,"21":0,"22":0,"23":0,"24":0,"25":0,"26":0,"27":0,"28":0,"29":0,"30":0,"31":0,"32":0,"33":0,"34":1},"f":{"0":1,"1":0,"2":0,"3":0,"4":0,"5":0,"6":0,"7":0,"8":0,"9":0},"b":{"0":[1,0],"1":[0,0],"2":[0,0],"3":[0,0],"4":[0,0]},"_coverageSchema":"1a1c01bbd47fc00a2c39e90264f33305004495a9","hash":"302fea8464acc8fc9b35d90430781cf1ebd92815"}
,"/Users/nils/Documents/_Verschiedenes/SAE/Major Project/Projekt/Decupla/controllers/contentController.js": {"path":"/Users/nils/Documents/_Verschiedenes/SAE/Major Project/Projekt/Decupla/controllers/contentController.js","statementMap":{"0":{"start":{"line":1,"column":16},"end":{"line":1,"column":44}},"1":{"start":{"line":3,"column":14},"end":{"line":10,"column":1}},"2":{"start":{"line":4,"column":20},"end":{"line":4,"column":42}},"3":{"start":{"line":6,"column":4},"end":{"line":9,"column":7}},"4":{"start":{"line":12,"column":12},"end":{"line":14,"column":1}},"5":{"start":{"line":13,"column":4},"end":{"line":13,"column":18}},"6":{"start":{"line":16,"column":0},"end":{"line":19,"column":1}}},"fnMap":{"0":{"name":"(anonymous_0)","decl":{"start":{"line":3,"column":14},"end":{"line":3,"column":15}},"loc":{"start":{"line":3,"column":33},"end":{"line":10,"column":1}},"line":3},"1":{"name":"(anonymous_1)","decl":{"start":{"line":12,"column":12},"end":{"line":12,"column":13}},"loc":{"start":{"line":12,"column":25},"end":{"line":14,"column":1}},"line":12}},"branchMap":{},"s":{"0":1,"1":1,"2":1,"3":1,"4":1,"5":1,"6":1},"f":{"0":1,"1":1},"b":{},"_coverageSchema":"1a1c01bbd47fc00a2c39e90264f33305004495a9","hash":"48f9b0c9cac4776b00975f774799069fd115aca5"}
,"/Users/nils/Documents/_Verschiedenes/SAE/Major Project/Projekt/Decupla/models/content.js": {"path":"/Users/nils/Documents/_Verschiedenes/SAE/Major Project/Projekt/Decupla/models/content.js","statementMap":{"0":{"start":{"line":1,"column":11},"end":{"line":1,"column":33}},"1":{"start":{"line":3,"column":15},"end":{"line":10,"column":1}},"2":{"start":{"line":4,"column":4},"end":{"line":9,"column":5}},"3":{"start":{"line":5,"column":21},"end":{"line":5,"column":50}},"4":{"start":{"line":6,"column":8},"end":{"line":6,"column":20}},"5":{"start":{"line":8,"column":8},"end":{"line":8,"column":63}},"6":{"start":{"line":12,"column":12},"end":{"line":18,"column":1}},"7":{"start":{"line":13,"column":4},"end":{"line":17,"column":7}},"8":{"start":{"line":20,"column":0},"end":{"line":23,"column":1}}},"fnMap":{"0":{"name":"(anonymous_0)","decl":{"start":{"line":3,"column":15},"end":{"line":3,"column":16}},"loc":{"start":{"line":3,"column":27},"end":{"line":10,"column":1}},"line":3},"1":{"name":"(anonymous_1)","decl":{"start":{"line":12,"column":12},"end":{"line":12,"column":13}},"loc":{"start":{"line":12,"column":18},"end":{"line":18,"column":1}},"line":12}},"branchMap":{},"s":{"0":2,"1":2,"2":1,"3":1,"4":1,"5":0,"6":2,"7":0,"8":2},"f":{"0":1,"1":0},"b":{},"_coverageSchema":"1a1c01bbd47fc00a2c39e90264f33305004495a9","hash":"19c48fc057fa0014c87a6d3bd10934b2db26f1c2"}
}
