{"/Users/nils/Documents/_Verschiedenes/SAE/Major Project/Projekt/Decupla/controllers/contentController.js": {"path":"/Users/nils/Documents/_Verschiedenes/SAE/Major Project/Projekt/Decupla/controllers/contentController.js","statementMap":{"0":{"start":{"line":1,"column":16},"end":{"line":1,"column":44}},"1":{"start":{"line":2,"column":19},"end":{"line":2,"column":51}},"2":{"start":{"line":4,"column":14},"end":{"line":12,"column":1}},"3":{"start":{"line":5,"column":20},"end":{"line":5,"column":42}},"4":{"start":{"line":7,"column":4},"end":{"line":11,"column":7}},"5":{"start":{"line":14,"column":15},"end":{"line":18,"column":1}},"6":{"start":{"line":15,"column":4},"end":{"line":17,"column":7}},"7":{"start":{"line":20,"column":13},"end":{"line":29,"column":1}},"8":{"start":{"line":21,"column":19},"end":{"line":21,"column":29}},"9":{"start":{"line":23,"column":17},"end":{"line":23,"column":38}},"10":{"start":{"line":24,"column":4},"end":{"line":28,"column":7}},"11":{"start":{"line":31,"column":16},"end":{"line":46,"column":1}},"12":{"start":{"line":32,"column":17},"end":{"line":35,"column":5}},"13":{"start":{"line":37,"column":23},"end":{"line":37,"column":43}},"14":{"start":{"line":38,"column":4},"end":{"line":38,"column":51}},"15":{"start":{"line":39,"column":4},"end":{"line":39,"column":45}},"16":{"start":{"line":40,"column":4},"end":{"line":45,"column":5}},"17":{"start":{"line":41,"column":8},"end":{"line":41,"column":48}},"18":{"start":{"line":43,"column":22},"end":{"line":43,"column":45}},"19":{"start":{"line":44,"column":8},"end":{"line":44,"column":73}},"20":{"start":{"line":48,"column":13},"end":{"line":66,"column":1}},"21":{"start":{"line":49,"column":19},"end":{"line":49,"column":29}},"22":{"start":{"line":50,"column":17},"end":{"line":54,"column":5}},"23":{"start":{"line":56,"column":23},"end":{"line":56,"column":43}},"24":{"start":{"line":57,"column":4},"end":{"line":57,"column":51}},"25":{"start":{"line":58,"column":4},"end":{"line":58,"column":45}},"26":{"start":{"line":59,"column":4},"end":{"line":59,"column":49}},"27":{"start":{"line":60,"column":4},"end":{"line":65,"column":5}},"28":{"start":{"line":61,"column":8},"end":{"line":61,"column":48}},"29":{"start":{"line":63,"column":8},"end":{"line":63,"column":32}},"30":{"start":{"line":64,"column":8},"end":{"line":64,"column":70}},"31":{"start":{"line":68,"column":15},"end":{"line":72,"column":1}},"32":{"start":{"line":69,"column":19},"end":{"line":69,"column":29}},"33":{"start":{"line":70,"column":4},"end":{"line":70,"column":29}},"34":{"start":{"line":71,"column":4},"end":{"line":71,"column":57}},"35":{"start":{"line":74,"column":0},"end":{"line":81,"column":1}}},"fnMap":{"0":{"name":"(anonymous_0)","decl":{"start":{"line":4,"column":14},"end":{"line":4,"column":15}},"loc":{"start":{"line":4,"column":33},"end":{"line":12,"column":1}},"line":4},"1":{"name":"(anonymous_1)","decl":{"start":{"line":14,"column":15},"end":{"line":14,"column":16}},"loc":{"start":{"line":14,"column":28},"end":{"line":18,"column":1}},"line":14},"2":{"name":"(anonymous_2)","decl":{"start":{"line":20,"column":13},"end":{"line":20,"column":14}},"loc":{"start":{"line":20,"column":32},"end":{"line":29,"column":1}},"line":20},"3":{"name":"(anonymous_3)","decl":{"start":{"line":31,"column":16},"end":{"line":31,"column":17}},"loc":{"start":{"line":31,"column":35},"end":{"line":46,"column":1}},"line":31},"4":{"name":"(anonymous_4)","decl":{"start":{"line":48,"column":13},"end":{"line":48,"column":14}},"loc":{"start":{"line":48,"column":26},"end":{"line":66,"column":1}},"line":48},"5":{"name":"(anonymous_5)","decl":{"start":{"line":68,"column":15},"end":{"line":68,"column":16}},"loc":{"start":{"line":68,"column":34},"end":{"line":72,"column":1}},"line":68}},"branchMap":{"0":{"loc":{"start":{"line":40,"column":4},"end":{"line":45,"column":5}},"type":"if","locations":[{"start":{"line":40,"column":4},"end":{"line":45,"column":5}},{"start":{"line":42,"column":11},"end":{"line":45,"column":5}}],"line":40},"1":{"loc":{"start":{"line":60,"column":4},"end":{"line":65,"column":5}},"type":"if","locations":[{"start":{"line":60,"column":4},"end":{"line":65,"column":5}},{"start":{"line":62,"column":11},"end":{"line":65,"column":5}}],"line":60}},"s":{"0":1,"1":1,"2":1,"3":1,"4":1,"5":1,"6":0,"7":1,"8":0,"9":0,"10":0,"11":1,"12":0,"13":0,"14":0,"15":0,"16":0,"17":0,"18":0,"19":0,"20":1,"21":0,"22":0,"23":0,"24":0,"25":0,"26":0,"27":0,"28":0,"29":0,"30":0,"31":1,"32":0,"33":0,"34":0,"35":1},"f":{"0":1,"1":0,"2":0,"3":0,"4":0,"5":0},"b":{"0":[0,0],"1":[0,0]},"_coverageSchema":"1a1c01bbd47fc00a2c39e90264f33305004495a9","hash":"f9d2fc86fba6584fcf43ba9b8479dc029c97fb3a"}
,"/Users/nils/Documents/_Verschiedenes/SAE/Major Project/Projekt/Decupla/database/database.js": {"path":"/Users/nils/Documents/_Verschiedenes/SAE/Major Project/Projekt/Decupla/database/database.js","statementMap":{"0":{"start":{"line":1,"column":11},"end":{"line":1,"column":24}},"1":{"start":{"line":2,"column":15},"end":{"line":2,"column":33}},"2":{"start":{"line":4,"column":24},"end":{"line":22,"column":1}},"3":{"start":{"line":5,"column":4},"end":{"line":21,"column":5}},"4":{"start":{"line":6,"column":8},"end":{"line":11,"column":11}},"5":{"start":{"line":7,"column":12},"end":{"line":10,"column":13}},"6":{"start":{"line":8,"column":16},"end":{"line":8,"column":35}},"7":{"start":{"line":9,"column":16},"end":{"line":9,"column":32}},"8":{"start":{"line":13,"column":19},"end":{"line":19,"column":10}},"9":{"start":{"line":14,"column":12},"end":{"line":17,"column":13}},"10":{"start":{"line":15,"column":16},"end":{"line":15,"column":35}},"11":{"start":{"line":16,"column":16},"end":{"line":16,"column":32}},"12":{"start":{"line":18,"column":12},"end":{"line":18,"column":29}},"13":{"start":{"line":20,"column":8},"end":{"line":20,"column":18}},"14":{"start":{"line":24,"column":21},"end":{"line":63,"column":1}},"15":{"start":{"line":25,"column":4},"end":{"line":62,"column":7}},"16":{"start":{"line":65,"column":19},"end":{"line":65,"column":36}},"17":{"start":{"line":67,"column":20},"end":{"line":148,"column":1}},"18":{"start":{"line":69,"column":8},"end":{"line":78,"column":11}},"19":{"start":{"line":70,"column":12},"end":{"line":77,"column":15}},"20":{"start":{"line":71,"column":16},"end":{"line":76,"column":17}},"21":{"start":{"line":72,"column":20},"end":{"line":72,"column":51}},"22":{"start":{"line":73,"column":20},"end":{"line":73,"column":34}},"23":{"start":{"line":75,"column":20},"end":{"line":75,"column":34}},"24":{"start":{"line":82,"column":8},"end":{"line":92,"column":11}},"25":{"start":{"line":83,"column":26},"end":{"line":83,"column":74}},"26":{"start":{"line":84,"column":12},"end":{"line":91,"column":15}},"27":{"start":{"line":85,"column":16},"end":{"line":90,"column":17}},"28":{"start":{"line":86,"column":20},"end":{"line":86,"column":51}},"29":{"start":{"line":87,"column":20},"end":{"line":87,"column":34}},"30":{"start":{"line":89,"column":20},"end":{"line":89,"column":36}},"31":{"start":{"line":96,"column":24},"end":{"line":96,"column":41}},"32":{"start":{"line":97,"column":23},"end":{"line":97,"column":42}},"33":{"start":{"line":99,"column":29},"end":{"line":99,"column":80}},"34":{"start":{"line":99,"column":53},"end":{"line":99,"column":68}},"35":{"start":{"line":101,"column":8},"end":{"line":112,"column":10}},"36":{"start":{"line":102,"column":26},"end":{"line":102,"column":87}},"37":{"start":{"line":103,"column":12},"end":{"line":103,"column":31}},"38":{"start":{"line":104,"column":12},"end":{"line":111,"column":14}},"39":{"start":{"line":105,"column":16},"end":{"line":110,"column":17}},"40":{"start":{"line":106,"column":20},"end":{"line":106,"column":51}},"41":{"start":{"line":107,"column":20},"end":{"line":107,"column":34}},"42":{"start":{"line":109,"column":20},"end":{"line":109,"column":34}},"43":{"start":{"line":116,"column":8},"end":{"line":126,"column":10}},"44":{"start":{"line":117,"column":26},"end":{"line":117,"column":72}},"45":{"start":{"line":118,"column":12},"end":{"line":125,"column":14}},"46":{"start":{"line":119,"column":16},"end":{"line":124,"column":17}},"47":{"start":{"line":120,"column":20},"end":{"line":120,"column":51}},"48":{"start":{"line":121,"column":20},"end":{"line":121,"column":34}},"49":{"start":{"line":123,"column":20},"end":{"line":123,"column":34}},"50":{"start":{"line":130,"column":8},"end":{"line":145,"column":10}},"51":{"start":{"line":131,"column":28},"end":{"line":131,"column":45}},"52":{"start":{"line":132,"column":27},"end":{"line":132,"column":46}},"53":{"start":{"line":134,"column":33},"end":{"line":134,"column":66}},"54":{"start":{"line":134,"column":51},"end":{"line":134,"column":54}},"55":{"start":{"line":135,"column":26},"end":{"line":135,"column":97}},"56":{"start":{"line":137,"column":12},"end":{"line":144,"column":14}},"57":{"start":{"line":138,"column":16},"end":{"line":143,"column":17}},"58":{"start":{"line":139,"column":20},"end":{"line":139,"column":51}},"59":{"start":{"line":140,"column":20},"end":{"line":140,"column":34}},"60":{"start":{"line":142,"column":20},"end":{"line":142,"column":41}},"61":{"start":{"line":150,"column":0},"end":{"line":150,"column":29}}},"fnMap":{"0":{"name":"(anonymous_0)","decl":{"start":{"line":4,"column":24},"end":{"line":4,"column":25}},"loc":{"start":{"line":4,"column":30},"end":{"line":22,"column":1}},"line":4},"1":{"name":"(anonymous_1)","decl":{"start":{"line":6,"column":79},"end":{"line":6,"column":80}},"loc":{"start":{"line":6,"column":90},"end":{"line":11,"column":9}},"line":6},"2":{"name":"(anonymous_2)","decl":{"start":{"line":13,"column":60},"end":{"line":13,"column":61}},"loc":{"start":{"line":13,"column":71},"end":{"line":19,"column":9}},"line":13},"3":{"name":"(anonymous_3)","decl":{"start":{"line":24,"column":21},"end":{"line":24,"column":22}},"loc":{"start":{"line":24,"column":35},"end":{"line":63,"column":1}},"line":24},"4":{"name":"(anonymous_4)","decl":{"start":{"line":68,"column":4},"end":{"line":68,"column":5}},"loc":{"start":{"line":68,"column":21},"end":{"line":79,"column":5}},"line":68},"5":{"name":"(anonymous_5)","decl":{"start":{"line":69,"column":27},"end":{"line":69,"column":28}},"loc":{"start":{"line":69,"column":48},"end":{"line":78,"column":9}},"line":69},"6":{"name":"(anonymous_6)","decl":{"start":{"line":70,"column":53},"end":{"line":70,"column":54}},"loc":{"start":{"line":70,"column":70},"end":{"line":77,"column":13}},"line":70},"7":{"name":"(anonymous_7)","decl":{"start":{"line":81,"column":4},"end":{"line":81,"column":5}},"loc":{"start":{"line":81,"column":42},"end":{"line":93,"column":5}},"line":81},"8":{"name":"(anonymous_8)","decl":{"start":{"line":82,"column":27},"end":{"line":82,"column":28}},"loc":{"start":{"line":82,"column":48},"end":{"line":92,"column":9}},"line":82},"9":{"name":"(anonymous_9)","decl":{"start":{"line":84,"column":43},"end":{"line":84,"column":44}},"loc":{"start":{"line":84,"column":62},"end":{"line":91,"column":13}},"line":84},"10":{"name":"(anonymous_10)","decl":{"start":{"line":95,"column":4},"end":{"line":95,"column":5}},"loc":{"start":{"line":95,"column":48},"end":{"line":113,"column":5}},"line":95},"11":{"name":"(anonymous_11)","decl":{"start":{"line":99,"column":41},"end":{"line":99,"column":42}},"loc":{"start":{"line":99,"column":53},"end":{"line":99,"column":68}},"line":99},"12":{"name":"(anonymous_12)","decl":{"start":{"line":101,"column":27},"end":{"line":101,"column":28}},"loc":{"start":{"line":101,"column":48},"end":{"line":112,"column":9}},"line":101},"13":{"name":"(anonymous_13)","decl":{"start":{"line":104,"column":42},"end":{"line":104,"column":43}},"loc":{"start":{"line":104,"column":53},"end":{"line":111,"column":13}},"line":104},"14":{"name":"(anonymous_14)","decl":{"start":{"line":115,"column":4},"end":{"line":115,"column":5}},"loc":{"start":{"line":115,"column":42},"end":{"line":127,"column":5}},"line":115},"15":{"name":"(anonymous_15)","decl":{"start":{"line":116,"column":27},"end":{"line":116,"column":28}},"loc":{"start":{"line":116,"column":46},"end":{"line":126,"column":9}},"line":116},"16":{"name":"(anonymous_16)","decl":{"start":{"line":118,"column":43},"end":{"line":118,"column":44}},"loc":{"start":{"line":118,"column":54},"end":{"line":125,"column":13}},"line":118},"17":{"name":"(anonymous_17)","decl":{"start":{"line":129,"column":4},"end":{"line":129,"column":5}},"loc":{"start":{"line":129,"column":24},"end":{"line":146,"column":5}},"line":129},"18":{"name":"(anonymous_18)","decl":{"start":{"line":130,"column":27},"end":{"line":130,"column":28}},"loc":{"start":{"line":130,"column":45},"end":{"line":145,"column":9}},"line":130},"19":{"name":"(anonymous_19)","decl":{"start":{"line":134,"column":45},"end":{"line":134,"column":46}},"loc":{"start":{"line":134,"column":51},"end":{"line":134,"column":54}},"line":134},"20":{"name":"(anonymous_20)","decl":{"start":{"line":137,"column":42},"end":{"line":137,"column":43}},"loc":{"start":{"line":137,"column":59},"end":{"line":144,"column":13}},"line":137}},"branchMap":{"0":{"loc":{"start":{"line":5,"column":4},"end":{"line":21,"column":5}},"type":"if","locations":[{"start":{"line":5,"column":4},"end":{"line":21,"column":5}},{"start":{"line":12,"column":11},"end":{"line":21,"column":5}}],"line":5},"1":{"loc":{"start":{"line":7,"column":12},"end":{"line":10,"column":13}},"type":"if","locations":[{"start":{"line":7,"column":12},"end":{"line":10,"column":13}},{"start":{},"end":{}}],"line":7},"2":{"loc":{"start":{"line":14,"column":12},"end":{"line":17,"column":13}},"type":"if","locations":[{"start":{"line":14,"column":12},"end":{"line":17,"column":13}},{"start":{},"end":{}}],"line":14},"3":{"loc":{"start":{"line":71,"column":16},"end":{"line":76,"column":17}},"type":"if","locations":[{"start":{"line":71,"column":16},"end":{"line":76,"column":17}},{"start":{"line":74,"column":23},"end":{"line":76,"column":17}}],"line":71},"4":{"loc":{"start":{"line":85,"column":16},"end":{"line":90,"column":17}},"type":"if","locations":[{"start":{"line":85,"column":16},"end":{"line":90,"column":17}},{"start":{"line":88,"column":23},"end":{"line":90,"column":17}}],"line":85},"5":{"loc":{"start":{"line":105,"column":16},"end":{"line":110,"column":17}},"type":"if","locations":[{"start":{"line":105,"column":16},"end":{"line":110,"column":17}},{"start":{"line":108,"column":23},"end":{"line":110,"column":17}}],"line":105},"6":{"loc":{"start":{"line":119,"column":16},"end":{"line":124,"column":17}},"type":"if","locations":[{"start":{"line":119,"column":16},"end":{"line":124,"column":17}},{"start":{"line":122,"column":23},"end":{"line":124,"column":17}}],"line":119},"7":{"loc":{"start":{"line":138,"column":16},"end":{"line":143,"column":17}},"type":"if","locations":[{"start":{"line":138,"column":16},"end":{"line":143,"column":17}},{"start":{"line":141,"column":23},"end":{"line":143,"column":17}}],"line":138}},"s":{"0":1,"1":1,"2":1,"3":1,"4":1,"5":0,"6":0,"7":0,"8":0,"9":0,"10":0,"11":0,"12":0,"13":0,"14":1,"15":0,"16":1,"17":1,"18":0,"19":0,"20":0,"21":0,"22":0,"23":0,"24":0,"25":0,"26":0,"27":0,"28":0,"29":0,"30":0,"31":0,"32":0,"33":0,"34":0,"35":0,"36":0,"37":0,"38":0,"39":0,"40":0,"41":0,"42":0,"43":0,"44":0,"45":0,"46":0,"47":0,"48":0,"49":0,"50":0,"51":0,"52":0,"53":0,"54":0,"55":0,"56":0,"57":0,"58":0,"59":0,"60":0,"61":1},"f":{"0":1,"1":0,"2":0,"3":0,"4":0,"5":0,"6":0,"7":0,"8":0,"9":0,"10":0,"11":0,"12":0,"13":0,"14":0,"15":0,"16":0,"17":0,"18":0,"19":0,"20":0},"b":{"0":[1,0],"1":[0,0],"2":[0,0],"3":[0,0],"4":[0,0],"5":[0,0],"6":[0,0],"7":[0,0]},"_coverageSchema":"1a1c01bbd47fc00a2c39e90264f33305004495a9","hash":"fad81f5a963a2840e5f21046ddb19484f837a341"}
,"/Users/nils/Documents/_Verschiedenes/SAE/Major Project/Projekt/Decupla/helpers/Validation.js": {"path":"/Users/nils/Documents/_Verschiedenes/SAE/Major Project/Projekt/Decupla/helpers/Validation.js","statementMap":{"0":{"start":{"line":4,"column":16},"end":{"line":4,"column":18}},"1":{"start":{"line":5,"column":13},"end":{"line":5,"column":15}},"2":{"start":{"line":8,"column":8},"end":{"line":8,"column":30}},"3":{"start":{"line":12,"column":8},"end":{"line":14,"column":9}},"4":{"start":{"line":13,"column":12},"end":{"line":13,"column":56}},"5":{"start":{"line":18,"column":8},"end":{"line":20,"column":9}},"6":{"start":{"line":19,"column":12},"end":{"line":19,"column":64}},"7":{"start":{"line":24,"column":8},"end":{"line":26,"column":9}},"8":{"start":{"line":25,"column":12},"end":{"line":25,"column":60}},"9":{"start":{"line":34,"column":27},"end":{"line":34,"column":48}},"10":{"start":{"line":35,"column":8},"end":{"line":44,"column":11}},"11":{"start":{"line":36,"column":12},"end":{"line":43,"column":13}},"12":{"start":{"line":37,"column":34},"end":{"line":37,"column":54}},"13":{"start":{"line":38,"column":29},"end":{"line":38,"column":41}},"14":{"start":{"line":39,"column":34},"end":{"line":39,"column":46}},"15":{"start":{"line":40,"column":16},"end":{"line":40,"column":44}},"16":{"start":{"line":42,"column":16},"end":{"line":42,"column":39}},"17":{"start":{"line":48,"column":8},"end":{"line":51,"column":10}},"18":{"start":{"line":55,"column":8},"end":{"line":55,"column":38}},"19":{"start":{"line":60,"column":0},"end":{"line":60,"column":28}}},"fnMap":{"0":{"name":"(anonymous_0)","decl":{"start":{"line":7,"column":4},"end":{"line":7,"column":5}},"loc":{"start":{"line":7,"column":22},"end":{"line":9,"column":5}},"line":7},"1":{"name":"(anonymous_1)","decl":{"start":{"line":11,"column":4},"end":{"line":11,"column":5}},"loc":{"start":{"line":11,"column":20},"end":{"line":15,"column":5}},"line":11},"2":{"name":"(anonymous_2)","decl":{"start":{"line":17,"column":4},"end":{"line":17,"column":5}},"loc":{"start":{"line":17,"column":18},"end":{"line":21,"column":5}},"line":17},"3":{"name":"(anonymous_3)","decl":{"start":{"line":23,"column":4},"end":{"line":23,"column":5}},"loc":{"start":{"line":23,"column":19},"end":{"line":27,"column":5}},"line":23},"4":{"name":"(anonymous_4)","decl":{"start":{"line":33,"column":4},"end":{"line":33,"column":5}},"loc":{"start":{"line":33,"column":32},"end":{"line":45,"column":5}},"line":33},"5":{"name":"(anonymous_5)","decl":{"start":{"line":35,"column":27},"end":{"line":35,"column":28}},"loc":{"start":{"line":35,"column":40},"end":{"line":44,"column":9}},"line":35},"6":{"name":"(anonymous_6)","decl":{"start":{"line":47,"column":4},"end":{"line":47,"column":5}},"loc":{"start":{"line":47,"column":28},"end":{"line":52,"column":5}},"line":47},"7":{"name":"(anonymous_7)","decl":{"start":{"line":54,"column":4},"end":{"line":54,"column":5}},"loc":{"start":{"line":54,"column":16},"end":{"line":56,"column":5}},"line":54}},"branchMap":{"0":{"loc":{"start":{"line":12,"column":8},"end":{"line":14,"column":9}},"type":"if","locations":[{"start":{"line":12,"column":8},"end":{"line":14,"column":9}},{"start":{},"end":{}}],"line":12},"1":{"loc":{"start":{"line":12,"column":12},"end":{"line":12,"column":113}},"type":"binary-expr","locations":[{"start":{"line":12,"column":12},"end":{"line":12,"column":47}},{"start":{"line":12,"column":51},"end":{"line":12,"column":81}},{"start":{"line":12,"column":85},"end":{"line":12,"column":113}}],"line":12},"2":{"loc":{"start":{"line":18,"column":8},"end":{"line":20,"column":9}},"type":"if","locations":[{"start":{"line":18,"column":8},"end":{"line":20,"column":9}},{"start":{},"end":{}}],"line":18},"3":{"loc":{"start":{"line":24,"column":8},"end":{"line":26,"column":9}},"type":"if","locations":[{"start":{"line":24,"column":8},"end":{"line":26,"column":9}},{"start":{},"end":{}}],"line":24},"4":{"loc":{"start":{"line":24,"column":12},"end":{"line":24,"column":142}},"type":"binary-expr","locations":[{"start":{"line":24,"column":12},"end":{"line":24,"column":40}},{"start":{"line":24,"column":44},"end":{"line":24,"column":74}},{"start":{"line":24,"column":78},"end":{"line":24,"column":106}},{"start":{"line":24,"column":110},"end":{"line":24,"column":142}}],"line":24},"5":{"loc":{"start":{"line":36,"column":12},"end":{"line":43,"column":13}},"type":"if","locations":[{"start":{"line":36,"column":12},"end":{"line":43,"column":13}},{"start":{"line":41,"column":19},"end":{"line":43,"column":13}}],"line":36}},"s":{"0":0,"1":0,"2":0,"3":0,"4":0,"5":0,"6":0,"7":0,"8":0,"9":0,"10":0,"11":0,"12":0,"13":0,"14":0,"15":0,"16":0,"17":0,"18":0,"19":1},"f":{"0":0,"1":0,"2":0,"3":0,"4":0,"5":0,"6":0,"7":0},"b":{"0":[0,0],"1":[0,0,0],"2":[0,0],"3":[0,0],"4":[0,0,0,0],"5":[0,0]},"_coverageSchema":"1a1c01bbd47fc00a2c39e90264f33305004495a9","hash":"cb6595edb74792930acbae96526845da211f785b"}
,"/Users/nils/Documents/_Verschiedenes/SAE/Major Project/Projekt/Decupla/models/content.js": {"path":"/Users/nils/Documents/_Verschiedenes/SAE/Major Project/Projekt/Decupla/models/content.js","statementMap":{"0":{"start":{"line":1,"column":11},"end":{"line":1,"column":42}},"1":{"start":{"line":5,"column":15},"end":{"line":12,"column":1}},"2":{"start":{"line":6,"column":4},"end":{"line":11,"column":5}},"3":{"start":{"line":7,"column":21},"end":{"line":7,"column":50}},"4":{"start":{"line":8,"column":8},"end":{"line":8,"column":20}},"5":{"start":{"line":10,"column":8},"end":{"line":10,"column":64}},"6":{"start":{"line":14,"column":12},"end":{"line":21,"column":1}},"7":{"start":{"line":15,"column":4},"end":{"line":20,"column":5}},"8":{"start":{"line":16,"column":23},"end":{"line":16,"column":62}},"9":{"start":{"line":17,"column":8},"end":{"line":17,"column":22}},"10":{"start":{"line":19,"column":8},"end":{"line":19,"column":64}},"11":{"start":{"line":23,"column":12},"end":{"line":30,"column":1}},"12":{"start":{"line":24,"column":4},"end":{"line":29,"column":5}},"13":{"start":{"line":25,"column":22},"end":{"line":25,"column":53}},"14":{"start":{"line":26,"column":8},"end":{"line":26,"column":21}},"15":{"start":{"line":28,"column":8},"end":{"line":28,"column":65}},"16":{"start":{"line":32,"column":15},"end":{"line":38,"column":1}},"17":{"start":{"line":33,"column":4},"end":{"line":37,"column":5}},"18":{"start":{"line":34,"column":8},"end":{"line":34,"column":52}},"19":{"start":{"line":36,"column":8},"end":{"line":36,"column":70}},"20":{"start":{"line":40,"column":15},"end":{"line":46,"column":1}},"21":{"start":{"line":41,"column":4},"end":{"line":45,"column":5}},"22":{"start":{"line":42,"column":8},"end":{"line":42,"column":48}},"23":{"start":{"line":44,"column":8},"end":{"line":44,"column":64}},"24":{"start":{"line":48,"column":0},"end":{"line":54,"column":1}}},"fnMap":{"0":{"name":"(anonymous_0)","decl":{"start":{"line":5,"column":15},"end":{"line":5,"column":16}},"loc":{"start":{"line":5,"column":27},"end":{"line":12,"column":1}},"line":5},"1":{"name":"(anonymous_1)","decl":{"start":{"line":14,"column":12},"end":{"line":14,"column":13}},"loc":{"start":{"line":14,"column":26},"end":{"line":21,"column":1}},"line":14},"2":{"name":"(anonymous_2)","decl":{"start":{"line":23,"column":12},"end":{"line":23,"column":13}},"loc":{"start":{"line":23,"column":28},"end":{"line":30,"column":1}},"line":23},"3":{"name":"(anonymous_3)","decl":{"start":{"line":32,"column":15},"end":{"line":32,"column":16}},"loc":{"start":{"line":32,"column":34},"end":{"line":38,"column":1}},"line":32},"4":{"name":"(anonymous_4)","decl":{"start":{"line":40,"column":15},"end":{"line":40,"column":16}},"loc":{"start":{"line":40,"column":29},"end":{"line":46,"column":1}},"line":40}},"branchMap":{},"s":{"0":2,"1":2,"2":2,"3":2,"4":1,"5":1,"6":2,"7":2,"8":2,"9":1,"10":1,"11":2,"12":2,"13":2,"14":1,"15":1,"16":2,"17":2,"18":2,"19":1,"20":2,"21":2,"22":2,"23":1,"24":2},"f":{"0":2,"1":2,"2":2,"3":2,"4":2},"b":{},"_coverageSchema":"1a1c01bbd47fc00a2c39e90264f33305004495a9","hash":"364042678d8e655c7a082c2d8c46c8d3ff15fd7b"}
}
